0 info it worked if it ends with ok
1 verbose cli [ 'C:\\Program Files\\nodejs\\node.exe',
1 verbose cli   'C:\\Users\\Vikas Tiwari\\AppData\\Roaming\\npm\\node_modules\\npm\\bin\\npm-cli.js',
1 verbose cli   'install',
1 verbose cli   '-g',
1 verbose cli   'firebase-tools' ]
2 info using npm@3.8.9
3 info using node@v10.16.0
4 silly loadCurrentTree Starting
5 silly install loadCurrentTree
6 silly install readGlobalPackageData
7 silly fetchPackageMetaData firebase-tools
8 silly fetchNamedPackageData firebase-tools
9 silly mapToRegistry name firebase-tools
10 silly mapToRegistry using default registry
11 silly mapToRegistry registry https://registry.npmjs.org/
12 silly mapToRegistry data Result {
12 silly mapToRegistry   raw: 'firebase-tools',
12 silly mapToRegistry   scope: null,
12 silly mapToRegistry   name: 'firebase-tools',
12 silly mapToRegistry   rawSpec: '',
12 silly mapToRegistry   spec: 'latest',
12 silly mapToRegistry   type: 'tag' }
13 silly mapToRegistry uri https://registry.npmjs.org/firebase-tools
14 verbose request uri https://registry.npmjs.org/firebase-tools
15 verbose request no auth needed
16 info attempt registry request try #1 at 6:31:56 PM
17 verbose request id a7ad7928842d6bb5
18 verbose etag W/"bf1833c833f2d2ef9991fa06365ad501"
19 verbose lastModified Fri, 17 Aug 2018 22:58:34 GMT
20 http request GET https://registry.npmjs.org/firebase-tools
21 http 200 https://registry.npmjs.org/firebase-tools
22 verbose headers { date: 'Sun, 18 Aug 2019 13:02:16 GMT',
22 verbose headers   'content-type': 'application/json',
22 verbose headers   'transfer-encoding': 'chunked',
22 verbose headers   connection: 'keep-alive',
22 verbose headers   'set-cookie':
22 verbose headers    [ '__cfduid=d9882f8ddd3898f1c39b0065d11af56ac1566133336; expires=Mon, 17-Aug-20 13:02:16 GMT; path=/; domain=.npmjs.org; HttpOnly' ],
22 verbose headers   'cf-cache-status': 'HIT',
22 verbose headers   'cache-control': 'max-age=300',
22 verbose headers   'cf-ray': '508414c69ed0de39-BOM',
22 verbose headers   age: '6233',
22 verbose headers   etag: 'W/"769e4f78fa31562494abca1adfdd2e01"',
22 verbose headers   'expect-ct':
22 verbose headers    'max-age=604800, report-uri="https://report-uri.cloudflare.com/cdn-cgi/beacon/expect-ct"',
22 verbose headers   'last-modified': 'Tue, 30 Jul 2019 22:24:29 GMT',
22 verbose headers   vary: 'accept-encoding, accept',
22 verbose headers   'x-amz-meta-rev': '221-8636b4c7f2b3c440150acff56bbb97a3',
22 verbose headers   server: 'cloudflare',
22 verbose headers   'content-encoding': 'gzip' }
23 silly get cb [ 200,
23 silly get   { date: 'Sun, 18 Aug 2019 13:02:16 GMT',
23 silly get     'content-type': 'application/json',
23 silly get     'transfer-encoding': 'chunked',
23 silly get     connection: 'keep-alive',
23 silly get     'set-cookie':
23 silly get      [ '__cfduid=d9882f8ddd3898f1c39b0065d11af56ac1566133336; expires=Mon, 17-Aug-20 13:02:16 GMT; path=/; domain=.npmjs.org; HttpOnly' ],
23 silly get     'cf-cache-status': 'HIT',
23 silly get     'cache-control': 'max-age=300',
23 silly get     'cf-ray': '508414c69ed0de39-BOM',
23 silly get     age: '6233',
23 silly get     etag: 'W/"769e4f78fa31562494abca1adfdd2e01"',
23 silly get     'expect-ct':
23 silly get      'max-age=604800, report-uri="https://report-uri.cloudflare.com/cdn-cgi/beacon/expect-ct"',
23 silly get     'last-modified': 'Tue, 30 Jul 2019 22:24:29 GMT',
23 silly get     vary: 'accept-encoding, accept',
23 silly get     'x-amz-meta-rev': '221-8636b4c7f2b3c440150acff56bbb97a3',
23 silly get     server: 'cloudflare',
23 silly get     'content-encoding': 'gzip' } ]
24 verbose get saving firebase-tools to C:\Users\Vikas Tiwari\AppData\Roaming\npm-cache\registry.npmjs.org\firebase-tools\.cache.json
25 verbose correctMkdir C:\Users\Vikas Tiwari\AppData\Roaming\npm-cache correctMkdir not in flight; initializing
26 silly install normalizeTree
27 silly loadCurrentTree Finishing
28 silly loadIdealTree Starting
29 silly install loadIdealTree
30 silly cloneCurrentTree Starting
31 silly install cloneCurrentTreeToIdealTree
32 silly cloneCurrentTree Finishing
33 silly loadShrinkwrap Starting
34 silly install loadShrinkwrap
35 silly loadShrinkwrap Finishing
36 silly loadAllDepsIntoIdealTree Starting
37 silly install loadAllDepsIntoIdealTree
38 silly resolveWithNewModule firebase-tools@7.2.2 checking installable status
39 silly cache add args [ 'firebase-tools', null ]
40 verbose cache add spec firebase-tools
41 silly cache add parsed spec Result {
41 silly cache add   raw: 'firebase-tools',
41 silly cache add   scope: null,
41 silly cache add   name: 'firebase-tools',
41 silly cache add   rawSpec: '',
41 silly cache add   spec: 'latest',
41 silly cache add   type: 'tag' }
42 silly addNamed firebase-tools@latest
43 verbose addNamed "latest" is being treated as a dist-tag for firebase-tools
44 info addNameTag [ 'firebase-tools', 'latest' ]
45 silly mapToRegistry name firebase-tools
46 silly mapToRegistry using default registry
47 silly mapToRegistry registry https://registry.npmjs.org/
48 silly mapToRegistry data Result {
48 silly mapToRegistry   raw: 'firebase-tools',
48 silly mapToRegistry   scope: null,
48 silly mapToRegistry   name: 'firebase-tools',
48 silly mapToRegistry   rawSpec: '',
48 silly mapToRegistry   spec: 'latest',
48 silly mapToRegistry   type: 'tag' }
49 silly mapToRegistry uri https://registry.npmjs.org/firebase-tools
50 verbose addNameTag registry:https://registry.npmjs.org/firebase-tools not in flight; fetching
51 verbose request uri https://registry.npmjs.org/firebase-tools
52 verbose request no auth needed
53 info attempt registry request try #1 at 6:32:32 PM
54 verbose etag W/"769e4f78fa31562494abca1adfdd2e01"
55 verbose lastModified Tue, 30 Jul 2019 22:24:29 GMT
56 http request GET https://registry.npmjs.org/firebase-tools
57 http 304 https://registry.npmjs.org/firebase-tools
58 verbose headers { date: 'Sun, 18 Aug 2019 13:02:33 GMT',
58 verbose headers   connection: 'keep-alive',
58 verbose headers   'set-cookie':
58 verbose headers    [ '__cfduid=d2680e3edc2e3145fb38bcb5566fabf2a1566133353; expires=Mon, 17-Aug-20 13:02:33 GMT; path=/; domain=.npmjs.org; HttpOnly' ],
58 verbose headers   'cf-cache-status': 'HIT',
58 verbose headers   'cache-control': 'max-age=300',
58 verbose headers   'cf-ray': '508415323a16de39-BOM',
58 verbose headers   age: '6250',
58 verbose headers   etag: '"769e4f78fa31562494abca1adfdd2e01"',
58 verbose headers   'expect-ct':
58 verbose headers    'max-age=604800, report-uri="https://report-uri.cloudflare.com/cdn-cgi/beacon/expect-ct"',
58 verbose headers   'last-modified': 'Tue, 30 Jul 2019 22:24:29 GMT',
58 verbose headers   vary: 'accept-encoding, accept',
58 verbose headers   'x-amz-meta-rev': '221-8636b4c7f2b3c440150acff56bbb97a3',
58 verbose headers   server: 'cloudflare' }
59 silly get cb [ 304,
59 silly get   { date: 'Sun, 18 Aug 2019 13:02:33 GMT',
59 silly get     connection: 'keep-alive',
59 silly get     'set-cookie':
59 silly get      [ '__cfduid=d2680e3edc2e3145fb38bcb5566fabf2a1566133353; expires=Mon, 17-Aug-20 13:02:33 GMT; path=/; domain=.npmjs.org; HttpOnly' ],
59 silly get     'cf-cache-status': 'HIT',
59 silly get     'cache-control': 'max-age=300',
59 silly get     'cf-ray': '508415323a16de39-BOM',
59 silly get     age: '6250',
59 silly get     etag: '"769e4f78fa31562494abca1adfdd2e01"',
59 silly get     'expect-ct':
59 silly get      'max-age=604800, report-uri="https://report-uri.cloudflare.com/cdn-cgi/beacon/expect-ct"',
59 silly get     'last-modified': 'Tue, 30 Jul 2019 22:24:29 GMT',
59 silly get     vary: 'accept-encoding, accept',
59 silly get     'x-amz-meta-rev': '221-8636b4c7f2b3c440150acff56bbb97a3',
59 silly get     server: 'cloudflare' } ]
60 verbose etag https://registry.npmjs.org/firebase-tools from cache
61 verbose get saving firebase-tools to C:\Users\Vikas Tiwari\AppData\Roaming\npm-cache\registry.npmjs.org\firebase-tools\.cache.json
62 verbose correctMkdir C:\Users\Vikas Tiwari\AppData\Roaming\npm-cache correctMkdir not in flight; initializing
63 silly addNameTag next cb for firebase-tools with tag latest
64 silly addNamed firebase-tools@7.2.2
65 verbose addNamed "7.2.2" is a plain semver version for firebase-tools
66 silly mapToRegistry name firebase-tools
67 silly mapToRegistry using default registry
68 silly mapToRegistry registry https://registry.npmjs.org/
69 silly mapToRegistry data Result {
69 silly mapToRegistry   raw: 'firebase-tools',
69 silly mapToRegistry   scope: null,
69 silly mapToRegistry   name: 'firebase-tools',
69 silly mapToRegistry   rawSpec: '',
69 silly mapToRegistry   spec: 'latest',
69 silly mapToRegistry   type: 'tag' }
70 silly mapToRegistry uri https://registry.npmjs.org/firebase-tools
71 verbose addRemoteTarball https://registry.npmjs.org/firebase-tools/-/firebase-tools-7.2.2.tgz not in flight; adding
72 verbose addRemoteTarball [ 'https://registry.npmjs.org/firebase-tools/-/firebase-tools-7.2.2.tgz',
72 verbose addRemoteTarball   '15f548403e249802627eb3610a906ab0465e46d7' ]
73 info retry fetch attempt 1 at 6:32:33 PM
74 info attempt registry request try #1 at 6:32:33 PM
75 http fetch GET https://registry.npmjs.org/firebase-tools/-/firebase-tools-7.2.2.tgz
76 http fetch 200 https://registry.npmjs.org/firebase-tools/-/firebase-tools-7.2.2.tgz
77 info retry will retry, error on last attempt: Error: read ECONNRESET
78 info retry will retry, error on last attempt: Error: read ECONNRESET
79 silly fetchAndShaCheck shasum 15f548403e249802627eb3610a906ab0465e46d7
80 silly rollbackFailedOptional Starting
81 silly rollbackFailedOptional Finishing
82 silly runTopLevelLifecycles Starting
83 silly runTopLevelLifecycles Finishing
84 silly install printInstalled
85 verbose stack Error: shasum check failed for C:\Users\VIKAST~1\AppData\Local\Temp\npm-11704-badc40bf\registry.npmjs.org\firebase-tools\-\firebase-tools-7.2.2.tgz
85 verbose stack Expected: 15f548403e249802627eb3610a906ab0465e46d7
85 verbose stack Actual:   6c67679d42514d96b8e04d551466baeeea2809c6
85 verbose stack From:     https://registry.npmjs.org/firebase-tools/-/firebase-tools-7.2.2.tgz
85 verbose stack     at C:\Users\Vikas Tiwari\AppData\Roaming\npm\node_modules\npm\node_modules\sha\index.js:25:8
85 verbose stack     at ReadStream.<anonymous> (C:\Users\Vikas Tiwari\AppData\Roaming\npm\node_modules\npm\node_modules\sha\index.js:72:7)
85 verbose stack     at ReadStream.emit (events.js:203:15)
85 verbose stack     at endReadableNT (_stream_readable.js:1129:12)
85 verbose stack     at process._tickCallback (internal/process/next_tick.js:63:19)
86 verbose cwd V:\programming\unfold-free-lite\unfold-free-lite
87 error Windows_NT 10.0.15063
88 error argv "C:\\Program Files\\nodejs\\node.exe" "C:\\Users\\Vikas Tiwari\\AppData\\Roaming\\npm\\node_modules\\npm\\bin\\npm-cli.js" "install" "-g" "firebase-tools"
89 error node v10.16.0
90 error npm  v3.8.9
91 error shasum check failed for C:\Users\VIKAST~1\AppData\Local\Temp\npm-11704-badc40bf\registry.npmjs.org\firebase-tools\-\firebase-tools-7.2.2.tgz
91 error Expected: 15f548403e249802627eb3610a906ab0465e46d7
91 error Actual:   6c67679d42514d96b8e04d551466baeeea2809c6
91 error From:     https://registry.npmjs.org/firebase-tools/-/firebase-tools-7.2.2.tgz
92 error If you need help, you may report this error at:
92 error     <https://github.com/npm/npm/issues>
93 verbose exit [ 1, true ]
